[6:39 PM, 2/28/2023][Info] Start of General Log.log
[Info] 
[Info] IPC thread started.
[Info] Creating RSLMainPipe
[Info] Waiting for a client to connect to RSLMainPipe.
[Info] Dumping rfg_ui_main_menu.lua
[Info] Dumping rfg_ui_mp_shell.lua
[Info] Dumping rfg_ui_mp_options.lua
[Info] Dumping rfg_ui_loading.lua
[Info] Dumping rfg_ui_hud_health.lua
[Info] Dumping rfg_ui_messages.lua
[Info] Dumping rfg_ui_mp_hint_bar.lua
[Info] Dumping rfg_ui_multiplayer_hud.lua
[Info] Dumping rfg_ui_mp_hud_xp.lua
[Info] Dumping rfg_ui_mp_scoreboard.lua
[Info] Dumping rfg_ui_mp_wc_splash.lua
[Info] Dumping rfg_ui_hud_weapon_sel.lua
[Info] Dumping rfg_ui_hud_reticles.lua
[Info] Graphics Improvement v1.00 24-2-2023 Build 547 Loaded
[Info] Ultimate Gravity Control v1.00 23-10-2022 Build 336 Loaded
